Mono path[0] = 'F:/Master Thesis/Master-Thesis-TD-AI/Unity Template TD/TrainingsEnvs/UnityTemplateTD_Data/Managed'
Mono config path = 'F:/Master Thesis/Master-Thesis-TD-AI/Unity Template TD/TrainingsEnvs/MonoBleedingEdge/etc'
Initialize engine version: 2022.3.1f1 (f18e0c1b5784)
[Subsystems] Discovering subsystems at path F:/Master Thesis/Master-Thesis-TD-AI/Unity Template TD/TrainingsEnvs/UnityTemplateTD_Data/UnitySubsystems
GfxDevice: creating device client; threaded=1; jobified=0
Direct3D:
    Version:  Direct3D 11.0 [level 11.1]
    Renderer: NVIDIA GeForce RTX 2060 SUPER (ID=0x1f06)
    Vendor:   NVIDIA
    VRAM:     8019 MB
    Driver:   31.0.15.3640
Begin MonoManager ReloadAssembly
- Loaded All Assemblies, in  0.181 seconds
- Finished resetting the current domain, in  0.004 seconds
<RI> Initializing input.
<RI> Input initialized.
<RI> Initialized touch support.
UnloadTime: 0.873200 ms
DontDestroyOnLoad only works for root GameObjects or components on root GameObjects.
Failed to load data, resetting
IOException: Sharing violation on path C:\Users\Stefan\AppData\LocalLow\DefaultCompany\Unity Template TD\save
  at System.IO.FileStream..ctor (System.String path, System.IO.FileMode mode, System.IO.FileAccess access, System.IO.FileShare share, System.Int32 bufferSize, System.Boolean anonymous, System.IO.FileOptions options) [0x0019e] in <6aa56e57ab504395b555cf3ed50fa53d>:0 
  at System.IO.FileStream..ctor (System.String path, System.IO.FileMode mode) [0x00000] in <6aa56e57ab504395b555cf3ed50fa53d>:0 
  at (wrapper remoting-invoke-with-check) System.IO.FileStream..ctor(string,System.IO.FileMode)
  at Core.Data.EncryptedJsonSaver`1[T].GetWriteStream () [0x00000] in <f9f340601de3481f806f61cb79718ec9>:0 
  at Core.Data.JsonSaver`1[T].Save (T data) [0x0000c] in <f9f340601de3481f806f61cb79718ec9>:0 
  at Core.Data.GameManagerBase`2[TGameManager,TDataStore].SaveData () [0x00000] in <f9f340601de3481f806f61cb79718ec9>:0 
  at Core.Data.GameManagerBase`2[TGameManager,TDataStore].LoadData () [0x0004c] in <f9f340601de3481f806f61cb79718ec9>:0 
  at Core.Data.GameManagerBase`2[TGameManager,TDataStore].Awake () [0x00006] in <f9f340601de3481f806f61cb79718ec9>:0 
  at TowerDefense.Game.GameManager.Awake () [0x00006] in <f9f340601de3481f806f61cb79718ec9>:0 

Failed to create agent because it is not close enough to the NavMesh
Failed to create agent because it is not close enough to the NavMesh
Failed to create agent because it is not close enough to the NavMesh
Failed to create agent because it is not close enough to the NavMesh
Failed to create agent because it is not close enough to the NavMesh
Failed to create agent because it is not close enough to the NavMesh
Failed to create agent because it is not close enough to the NavMesh
Failed to create agent because it is not close enough to the NavMesh
Failed to create agent because it is not close enough to the NavMesh
Failed to create agent because it is not close enough to the NavMesh
Failed to create agent because it is not close enough to the NavMesh
Failed to create agent because it is not close enough to the NavMesh
Failed to create agent because it is not close enough to the NavMesh
Failed to create agent because it is not close enough to the NavMesh
Failed to create agent because it is not close enough to the NavMesh
Failed to create agent because it is not close enough to the NavMesh
Failed to create agent because it is not close enough to the NavMesh
Failed to create agent because it is not close enough to the NavMesh
Failed to create agent because it is not close enough to the NavMesh
Failed to create agent because it is not close enough to the NavMesh
Failed to create agent because it is not close enough to the NavMesh
Failed to create agent because it is not close enough to the NavMesh
Failed to create agent because it is not close enough to the NavMesh
Failed to create agent because it is not close enough to the NavMesh
Failed to create agent because it is not close enough to the NavMesh
Failed to create agent because it is not close enough to the NavMesh
Failed to create agent because it is not close enough to the NavMesh
Failed to create agent because it is not close enough to the NavMesh
Failed to create agent because it is not close enough to the NavMesh
Failed to create agent because it is not close enough to the NavMesh
Failed to create agent because it is not close enough to the NavMesh
Failed to create agent because it is not close enough to the NavMesh
Failed to create agent because it is not close enough to the NavMesh
Failed to create agent because it is not close enough to the NavMesh
Failed to create agent because it is not close enough to the NavMesh
Failed to create agent because it is not close enough to the NavMesh
Failed to create agent because it is not close enough to the NavMesh
Failed to create agent because it is not close enough to the NavMesh
Failed to create agent because it is not close enough to the NavMesh
Failed to create agent because it is not close enough to the NavMesh
Failed to create agent because it is not close enough to the NavMesh
Failed to create agent because it is not close enough to the NavMesh
Failed to create agent because it is not close enough to the NavMesh
Failed to create agent because it is not close enough to the NavMesh
Failed to create agent because it is not close enough to the NavMesh
Failed to create agent because it is not close enough to the NavMesh
Failed to create agent because it is not close enough to the NavMesh
Failed to create agent because it is not close enough to the NavMesh
Failed to create agent because it is not close enough to the NavMesh
Failed to create agent because it is not close enough to the NavMesh
Failed to create agent because it is not close enough to the NavMesh
Failed to create agent because it is not close enough to the NavMesh
Failed to create agent because it is not close enough to the NavMesh
Failed to create agent because it is not close enough to the NavMesh
Failed to create agent because it is not close enough to the NavMesh
Failed to create agent because it is not close enough to the NavMesh
Failed to create agent because it is not close enough to the NavMesh
Failed to create agent because it is not close enough to the NavMesh
Failed to create agent because it is not close enough to the NavMesh
Failed to create agent because it is not close enough to the NavMesh
5
5
5
5
5
5
5
5
5
5
5
5
5
5
5
5
5
5
5
5
5
5
5
5
5
5
5
5
5
5
5
5
5
5
5
5
5
5
5
5
5
5
5
5
5
5
5
5
5
5
5
Unable to save timers to file F:/Master Thesis/Master-Thesis-TD-AI/Unity Template TD/TrainingsEnvs/UnityTemplateTD_Data\ML-Agents\Timers\TowerDefense_timers.json
Setting up 8 worker threads for Enlighten.
Memory Statistics:
[ALLOC_TEMP_TLS] TLS Allocator
  StackAllocators : 
    [ALLOC_TEMP_MAIN]
      Peak usage frame count: [32.0 KB-64.0 KB]: 31 frames, [64.0 KB-128.0 KB]: 19 frames, [2.0 MB-4.0 MB]: 1 frames
      Initial Block Size 4.0 MB
      Current Block Size 4.0 MB
      Peak Allocated Bytes 2.1 MB
      Overflow Count 0
    [ALLOC_TEMP_Background Job.worker 4]
      Initial Block Size 32.0 KB
      Current Block Size 32.0 KB
      Peak Allocated Bytes 54 B
      Overflow Count 0
    [ALLOC_TEMP_Loading.PreloadManager]
      Initial Block Size 256.0 KB
      Current Block Size 496.0 KB
      Peak Allocated Bytes 479.1 KB
      Overflow Count 28
    [ALLOC_TEMP_Background Job.worker 3]
      Initial Block Size 32.0 KB
      Current Block Size 32.0 KB
      Peak Allocated Bytes 54 B
      Overflow Count 0
    [ALLOC_TEMP_Background Job.worker 11]
      Initial Block Size 32.0 KB
      Current Block Size 32.0 KB
      Peak Allocated Bytes 54 B
      Overflow Count 0
    [ALLOC_TEMP_Background Job.worker 7]
      Initial Block Size 32.0 KB
      Current Block Size 32.0 KB
      Peak Allocated Bytes 54 B
      Overflow Count 0
    [ALLOC_TEMP_Background Job.worker 6]
      Initial Block Size 32.0 KB
      Current Block Size 32.0 KB
      Peak Allocated Bytes 54 B
      Overflow Count 0
    [ALLOC_TEMP_Job.worker 11]
      Initial Block Size 256.0 KB
      Current Block Size 256.0 KB
      Peak Allocated Bytes 160 B
      Overflow Count 0
    [ALLOC_TEMP_Background Job.worker 12]
      Initial Block Size 32.0 KB
      Current Block Size 32.0 KB
      Peak Allocated Bytes 54 B
      Overflow Count 0
    [ALLOC_TEMP_Background Job.worker 2]
      Initial Block Size 32.0 KB
      Current Block Size 32.0 KB
      Peak Allocated Bytes 54 B
      Overflow Count 0
    [ALLOC_TEMP_Background Job.worker 10]
      Initial Block Size 32.0 KB
      Current Block Size 32.0 KB
      Peak Allocated Bytes 54 B
      Overflow Count 0
    [ALLOC_TEMP_Job.worker 0]
      Initial Block Size 256.0 KB
      Current Block Size 256.0 KB
      Peak Allocated Bytes 96 B
      Overflow Count 0
    [ALLOC_TEMP_Job.worker 4]
      Initial Block Size 256.0 KB
      Current Block Size 256.0 KB
      Peak Allocated Bytes 25.4 KB
      Overflow Count 0
    [ALLOC_TEMP_Job.worker 5]
      Initial Block Size 256.0 KB
      Current Block Size 256.0 KB
      Peak Allocated Bytes 26.0 KB
      Overflow Count 0
    [ALLOC_TEMP_Job.worker 14]
      Initial Block Size 256.0 KB
      Current Block Size 256.0 KB
      Peak Allocated Bytes 160 B
      Overflow Count 0
    [ALLOC_TEMP_Background Job.worker 15]
      Initial Block Size 32.0 KB
      Current Block Size 32.0 KB
      Peak Allocated Bytes 54 B
      Overflow Count 0
    [ALLOC_TEMP_Job.worker 13]
      Initial Block Size 256.0 KB
      Current Block Size 256.0 KB
      Peak Allocated Bytes 54 B
      Overflow Count 0
    [ALLOC_TEMP_Background Job.worker 1]
      Initial Block Size 32.0 KB
      Current Block Size 32.0 KB
      Peak Allocated Bytes 54 B
      Overflow Count 0
    [ALLOC_TEMP_EnlightenWorker] x 8
      Initial Block Size 64.0 KB
      Current Block Size 64.0 KB
      Peak Allocated Bytes 54 B
      Overflow Count 0
    [ALLOC_TEMP_Job.worker 1]
      Initial Block Size 256.0 KB
      Current Block Size 256.0 KB
      Peak Allocated Bytes 25.4 KB
      Overflow Count 0
    [ALLOC_TEMP_Background Job.worker 9]
      Initial Block Size 32.0 KB
      Current Block Size 32.0 KB
      Peak Allocated Bytes 54 B
      Overflow Count 0
    [ALLOC_TEMP_Job.worker 3]
      Initial Block Size 256.0 KB
      Current Block Size 256.0 KB
      Peak Allocated Bytes 7.6 KB
      Overflow Count 0
    [ALLOC_TEMP_Background Job.worker 13]
      Initial Block Size 32.0 KB
      Current Block Size 32.0 KB
      Peak Allocated Bytes 54 B
      Overflow Count 0
    [ALLOC_TEMP_Background Job.worker 8]
      Initial Block Size 32.0 KB
      Current Block Size 32.0 KB
      Peak Allocated Bytes 54 B
      Overflow Count 0
    [ALLOC_TEMP_Job.worker 12]
      Initial Block Size 256.0 KB
      Current Block Size 256.0 KB
      Peak Allocated Bytes 54 B
      Overflow Count 0
    [ALLOC_TEMP_UnityGfxDeviceWorker]
      Initial Block Size 256.0 KB
      Current Block Size 256.0 KB
      Peak Allocated Bytes 14.0 KB
      Overflow Count 0
    [ALLOC_TEMP_AssetGarbageCollectorHelper] x 15
      Initial Block Size 64.0 KB
      Current Block Size 64.0 KB
      Peak Allocated Bytes 138 B
      Overflow Count 0
    [ALLOC_TEMP_Background Job.worker 5]
      Initial Block Size 32.0 KB
      Current Block Size 32.0 KB
      Peak Allocated Bytes 54 B
      Overflow Count 0
    [ALLOC_TEMP_Job.worker 2]
      Initial Block Size 256.0 KB
      Current Block Size 256.0 KB
      Peak Allocated Bytes 25.4 KB
      Overflow Count 0
    [ALLOC_TEMP_Job.worker 10]
      Initial Block Size 256.0 KB
      Current Block Size 256.0 KB
      Peak Allocated Bytes 160 B
      Overflow Count 0
    [ALLOC_TEMP_Job.worker 7]
      Initial Block Size 256.0 KB
      Current Block Size 256.0 KB
      Peak Allocated Bytes 128 B
      Overflow Count 0
    [ALLOC_TEMP_Job.worker 9]
      Initial Block Size 256.0 KB
      Current Block Size 256.0 KB
      Peak Allocated Bytes 192 B
      Overflow Count 0
    [ALLOC_TEMP_Background Job.worker 0]
      Initial Block Size 32.0 KB
      Current Block Size 32.0 KB
      Peak Allocated Bytes 54 B
      Overflow Count 0
    [ALLOC_TEMP_Job.worker 6]
      Initial Block Size 256.0 KB
      Current Block Size 256.0 KB
      Peak Allocated Bytes 192 B
      Overflow Count 0
    [ALLOC_TEMP_Job.worker 8]
      Initial Block Size 256.0 KB
      Current Block Size 256.0 KB
      Peak Allocated Bytes 160 B
      Overflow Count 0
    [ALLOC_TEMP_Background Job.worker 14]
      Initial Block Size 32.0 KB
      Current Block Size 32.0 KB
      Peak Allocated Bytes 54 B
      Overflow Count 0
    [ALLOC_TEMP_Loading.AsyncRead]
      Initial Block Size 64.0 KB
      Current Block Size 64.0 KB
      Peak Allocated Bytes 363 B
      Overflow Count 0
    [ALLOC_TEMP_BatchDeleteObjects]
      Initial Block Size 64.0 KB
      Current Block Size 64.0 KB
      Peak Allocated Bytes 54 B
      Overflow Count 0
[ALLOC_DEFAULT] Dual Thread Allocator
  Peak main deferred allocation count 8198
    [ALLOC_BUCKET]
      Large Block size 4.0 MB
      Used Block count 1
      Peak Allocated bytes 4.0 MB
      Failed Allocations. Bucket layout:
        16B: 11 Subsections = 11264 buckets. Failed count: 3749
        32B: 21 Subsections = 10752 buckets. Failed count: 8495
        48B: 27 Subsections = 9216 buckets. Failed count: 4451
        64B: 85 Subsections = 21760 buckets. Failed count: 2944
        80B: 20 Subsections = 4096 buckets. Failed count: 295
        96B: 14 Subsections = 2389 buckets. Failed count: 3585
        112B: 5 Subsections = 731 buckets. Failed count: 1093
        128B: 73 Subsections = 9344 buckets. Failed count: 1617
    [ALLOC_DEFAULT_MAIN]
      Peak usage frame count: [32.0 MB-64.0 MB]: 51 frames
      Requested Block Size 16.0 MB
      Peak Block count 3
      Peak Allocated memory 40.3 MB
      Peak Large allocation bytes 8.0 MB
    [ALLOC_DEFAULT_THREAD]
      Peak usage frame count: [8.0 MB-16.0 MB]: 51 frames
      Requested Block Size 16.0 MB
      Peak Block count 1
      Peak Allocated memory 14.7 MB
      Peak Large allocation bytes 0 B
[ALLOC_TEMP_JOB_1_FRAME]
  Initial Block Size 2.0 MB
  Used Block Count 0
  Overflow Count (too large) 0
  Overflow Count (full) 0
[ALLOC_TEMP_JOB_2_FRAMES]
  Initial Block Size 2.0 MB
  Used Block Count 0
  Overflow Count (too large) 0
  Overflow Count (full) 0
[ALLOC_TEMP_JOB_4_FRAMES (JobTemp)]
  Initial Block Size 2.0 MB
  Used Block Count 1
  Overflow Count (too large) 0
  Overflow Count (full) 0
[ALLOC_TEMP_JOB_ASYNC (Background)]
  Initial Block Size 1.0 MB
  Used Block Count 1
  Overflow Count (too large) 0
  Overflow Count (full) 0
[ALLOC_GFX] Dual Thread Allocator
  Peak main deferred allocation count 2
    [ALLOC_BUCKET]
      Large Block size 4.0 MB
      Used Block count 1
      Peak Allocated bytes 4.0 MB
      Failed Allocations. Bucket layout:
        16B: 11 Subsections = 11264 buckets. Failed count: 3749
        32B: 21 Subsections = 10752 buckets. Failed count: 8495
        48B: 27 Subsections = 9216 buckets. Failed count: 4451
        64B: 85 Subsections = 21760 buckets. Failed count: 2944
        80B: 20 Subsections = 4096 buckets. Failed count: 295
        96B: 14 Subsections = 2389 buckets. Failed count: 3585
        112B: 5 Subsections = 731 buckets. Failed count: 1093
        128B: 73 Subsections = 9344 buckets. Failed count: 1617
    [ALLOC_GFX_MAIN]
      Peak usage frame count: [256.0 KB-0.5 MB]: 51 frames
      Requested Block Size 16.0 MB
      Peak Block count 1
      Peak Allocated memory 354.4 KB
      Peak Large allocation bytes 0 B
    [ALLOC_GFX_THREAD]
      Peak usage frame count: [1.0 MB-2.0 MB]: 51 frames
      Requested Block Size 16.0 MB
      Peak Block count 1
      Peak Allocated memory 1.6 MB
      Peak Large allocation bytes 0 B
[ALLOC_CACHEOBJECTS] Dual Thread Allocator
  Peak main deferred allocation count 2
    [ALLOC_BUCKET]
      Large Block size 4.0 MB
      Used Block count 1
      Peak Allocated bytes 4.0 MB
      Failed Allocations. Bucket layout:
        16B: 11 Subsections = 11264 buckets. Failed count: 3749
        32B: 21 Subsections = 10752 buckets. Failed count: 8495
        48B: 27 Subsections = 9216 buckets. Failed count: 4451
        64B: 85 Subsections = 21760 buckets. Failed count: 2944
        80B: 20 Subsections = 4096 buckets. Failed count: 295
        96B: 14 Subsections = 2389 buckets. Failed count: 3585
        112B: 5 Subsections = 731 buckets. Failed count: 1093
        128B: 73 Subsections = 9344 buckets. Failed count: 1617
    [ALLOC_CACHEOBJECTS_MAIN]
      Peak usage frame count: [8.0 MB-16.0 MB]: 50 frames, [16.0 MB-32.0 MB]: 1 frames
      Requested Block Size 4.0 MB
      Peak Block count 4
      Peak Allocated memory 19.2 MB
      Peak Large allocation bytes 7.1 MB
    [ALLOC_CACHEOBJECTS_THREAD]
      Peak usage frame count: [4.0 MB-8.0 MB]: 51 frames
      Requested Block Size 4.0 MB
      Peak Block count 2
      Peak Allocated memory 6.9 MB
      Peak Large allocation bytes 0 B
[ALLOC_TYPETREE] Dual Thread Allocator
  Peak main deferred allocation count 0
    [ALLOC_BUCKET]
      Large Block size 4.0 MB
      Used Block count 1
      Peak Allocated bytes 4.0 MB
      Failed Allocations. Bucket layout:
        16B: 11 Subsections = 11264 buckets. Failed count: 3749
        32B: 21 Subsections = 10752 buckets. Failed count: 8495
        48B: 27 Subsections = 9216 buckets. Failed count: 4451
        64B: 85 Subsections = 21760 buckets. Failed count: 2944
        80B: 20 Subsections = 4096 buckets. Failed count: 295
        96B: 14 Subsections = 2389 buckets. Failed count: 3585
        112B: 5 Subsections = 731 buckets. Failed count: 1093
        128B: 73 Subsections = 9344 buckets. Failed count: 1617
    [ALLOC_TYPETREE_MAIN]
      Peak usage frame count: [4.0 KB-8.0 KB]: 51 frames
      Requested Block Size 2.0 MB
      Peak Block count 1
      Peak Allocated memory 4.5 KB
      Peak Large allocation bytes 0 B
    [ALLOC_TYPETREE_THREAD]
      Peak usage frame count: [4.0 KB-8.0 KB]: 51 frames
      Requested Block Size 2.0 MB
      Peak Block count 1
      Peak Allocated memory 4.8 KB
      Peak Large allocation bytes 0 B
